<html>
<body>
<pre>
<h1>µVision Build Log</h1>
<h2>Tool Versions:</h2>
IDE-Version: µVision V5.24.2.86
Copyright (C) 2017 ARM Ltd and ARM Germany GmbH. All rights reserved.
License Information: SAURABH SHARMA SAURABH SHARMA, GHANTA, LIC=----
 
Tool Versions:
Toolchain:       PK51 Prof. Develpers Kit  Version: 9.57.0.0
Toolchain Path:  C:\Keil_v5\C51\BIN
C Compiler:      C51.exe V9.57.0.0
Assembler:       A51.exe V8.2.7.0
Linker/Locator:  BL51.exe V6.22.2.0
Library Manager: LIB51.exe V4.30.1.0
Hex Converter:   OH51.exe V2.7.0.0
CPU DLL:         S8051.DLL V3.113.0.0
Dialog DLL:      DP51.DLL V2.64.0.0 
<h2>Project:</h2>
C:\Users\SAURABH SHARMA\Desktop\ES\exp11.uvproj
Project File Date:  04/04/2018

<h2>Output:</h2>
Build target 'Target 1'
compiling exp11.c...
exp11.c(13): error C141: syntax error near ';', expected ')'
exp11.c(19): error C202: 'v': undefined identifier
exp11.c(21): error C202: 'v': undefined identifier
exp11.c(23): error C202: 'v': undefined identifier
exp11.c(25): error C202: 'v': undefined identifier
exp11.c(28): error C141: syntax error near ';', expected ')'
exp11.c(34): error C202: 'v': undefined identifier
exp11.c(36): error C202: 'v': undefined identifier
exp11.c(38): error C202: 'v': undefined identifier
exp11.c(40): error C202: 'v': undefined identifier
Target not created.
Build Time Elapsed:  00:00:00
</pre>
</body>
</html>
